Determining if the pthread_create exist failed with the following output:
Change Dir: /mnt/c/Development/School/Cpp2/Euchre/build/CMakeFiles/CMakeTmp

Run Build Command:"/usr/bin/make" "cmTC_79e86/fast"
/usr/bin/make -f CMakeFiles/cmTC_79e86.dir/build.make CMakeFiles/cmTC_79e86.dir/build
make[1]: Entering directory '/mnt/c/Development/School/Cpp2/Euchre/build/CMakeFiles/CMakeTmp'
Building CXX object CMakeFiles/cmTC_79e86.dir/CheckSymbolExists.cxx.o
/usr/bin/c++      -o CMakeFiles/cmTC_79e86.dir/CheckSymbolExists.cxx.o -c /mnt/c/Development/School/Cpp2/Euchre/build/CMakeFiles/CMakeTmp/CheckSymbolExists.cxx
Linking CXX executable cmTC_79e86
/usr/bin/cmake -E cmake_link_script CMakeFiles/cmTC_79e86.dir/link.txt --verbose=1
/usr/bin/c++        CMakeFiles/cmTC_79e86.dir/CheckSymbolExists.cxx.o  -o cmTC_79e86 -rdynamic 
CMakeFiles/cmTC_79e86.dir/CheckSymbolExists.cxx.o: In function `main':
CheckSymbolExists.cxx:(.text+0x16): undefined reference to `pthread_create'
collect2: error: ld returned 1 exit status
CMakeFiles/cmTC_79e86.dir/build.make:97: recipe for target 'cmTC_79e86' failed
make[1]: *** [cmTC_79e86] Error 1
make[1]: Leaving directory '/mnt/c/Development/School/Cpp2/Euchre/build/CMakeFiles/CMakeTmp'
Makefile:126: recipe for target 'cmTC_79e86/fast' failed
make: *** [cmTC_79e86/fast] Error 2

File /mnt/c/Development/School/Cpp2/Euchre/build/CMakeFiles/CMakeTmp/CheckSymbolExists.cxx:
/* */
#include <pthread.h>

int main(int argc, char** argv)
{
  (void)argv;
#ifndef pthread_create
  return ((int*)(&pthread_create))[argc];
#else
  (void)argc;
  return 0;
#endif
}

Determining if the function pthread_create exists in the pthreads failed with the following output:
Change Dir: /mnt/c/Development/School/Cpp2/Euchre/build/CMakeFiles/CMakeTmp

Run Build Command:"/usr/bin/make" "cmTC_d639b/fast"
/usr/bin/make -f CMakeFiles/cmTC_d639b.dir/build.make CMakeFiles/cmTC_d639b.dir/build
make[1]: Entering directory '/mnt/c/Development/School/Cpp2/Euchre/build/CMakeFiles/CMakeTmp'
Building CXX object CMakeFiles/cmTC_d639b.dir/CheckFunctionExists.cxx.o
/usr/bin/c++     -DCHECK_FUNCTION_EXISTS=pthread_create   -o CMakeFiles/cmTC_d639b.dir/CheckFunctionExists.cxx.o -c /mnt/c/Development/School/Cpp2/Euchre/build/CMakeFiles/CheckLibraryExists/CheckFunctionExists.cxx
Linking CXX executable cmTC_d639b
/usr/bin/cmake -E cmake_link_script CMakeFiles/cmTC_d639b.dir/link.txt --verbose=1
/usr/bin/c++    -DCHECK_FUNCTION_EXISTS=pthread_create    CMakeFiles/cmTC_d639b.dir/CheckFunctionExists.cxx.o  -o cmTC_d639b -rdynamic -lpthreads 
/usr/bin/ld: cannot find -lpthreads
collect2: error: ld returned 1 exit status
CMakeFiles/cmTC_d639b.dir/build.make:97: recipe for target 'cmTC_d639b' failed
make[1]: *** [cmTC_d639b] Error 1
make[1]: Leaving directory '/mnt/c/Development/School/Cpp2/Euchre/build/CMakeFiles/CMakeTmp'
Makefile:126: recipe for target 'cmTC_d639b/fast' failed
make: *** [cmTC_d639b/fast] Error 2


